0 info it worked if it ends with ok
1 verbose cli [ 'C:\\Program Files\\nodejs\\node.exe',
1 verbose cli   'C:\\Program Files\\nodejs\\node_modules\\npm\\bin\\npm-cli.js',
1 verbose cli   'run',
1 verbose cli   'webpack' ]
2 info using npm@3.10.9
3 info using node@v7.2.0
4 verbose run-script [ 'prewebpack', 'webpack', 'postwebpack' ]
5 info lifecycle pet-zone@1.0.0~prewebpack: pet-zone@1.0.0
6 silly lifecycle pet-zone@1.0.0~prewebpack: no script for prewebpack, continuing
7 info lifecycle pet-zone@1.0.0~webpack: pet-zone@1.0.0
8 verbose lifecycle pet-zone@1.0.0~webpack: unsafe-perm in lifecycle true
9 verbose lifecycle pet-zone@1.0.0~webpack: PATH: C:\Program Files\nodejs\node_modules\npm\bin\node-gyp-bin;L:\petzone\more_pham\client\node_modules\.bin;C:\Python27\;C:\Python27\Scripts;C:\ProgramData\Oracle\Java\javapath;C:\Windows\system32;C:\Windows;C:\Windows\System32\Wbem;C:\Windows\System32\WindowsPowerShell\v1.0\;C:\Program Files (x86)\ATI Technologies\ATI.ACE\Core-Static;D:\Program Files\Java\jdk1.7.0_75\bin;D:\E\CODING\ANDROID\SDK\platform-tools;C:\Program Files (x86)\GtkSharp\2.12\bin;C:\OpenSSL-Win64\bin;C:\Program Files\Microsoft SQL Server\110\Tools\Binn\;C:\Program Files (x86)\Bitvise SSH Client;C:\ProgramData\chocolatey\bin;C:\Program Files\nodejs\;C:\Windows\system32\config\systemprofile\.dnx\bin;C:\Program Files\Microsoft DNX\Dnvm\;C:\Program Files\Microsoft SQL Server\120\Tools\Binn\;C:\Program Files\Microsoft SQL Server\130\Tools\Binn\;C:\Program Files (x86)\Skype\Phone\;C:\Program Files (x86)\OpenSSH\bin;C:\Program Files\Git\cmd;C:\Users\dangkhoaicao\AppData\Roaming\npm;D:\Program Files (x86)\Microsoft VS Code\bin;C:\Program Files\Heroku\bin
10 verbose lifecycle pet-zone@1.0.0~webpack: CWD: L:\petzone\more_pham\client
11 silly lifecycle pet-zone@1.0.0~webpack: Args: [ '/d /s /c', 'webpack main.jsx --watch' ]
12 silly lifecycle pet-zone@1.0.0~webpack: Returned: code: 3221225786  signal: null
13 info lifecycle pet-zone@1.0.0~webpack: Failed to exec webpack script
14 verbose stack Error: pet-zone@1.0.0 webpack: `webpack main.jsx --watch`
14 verbose stack Exit status 3221225786
14 verbose stack     at EventEmitter.<anonymous> (C:\Program Files\nodejs\node_modules\npm\lib\utils\lifecycle.js:255:16)
14 verbose stack     at emitTwo (events.js:106:13)
14 verbose stack     at EventEmitter.emit (events.js:191:7)
14 verbose stack     at ChildProcess.<anonymous> (C:\Program Files\nodejs\node_modules\npm\lib\utils\spawn.js:40:14)
14 verbose stack     at emitTwo (events.js:106:13)
14 verbose stack     at ChildProcess.emit (events.js:191:7)
14 verbose stack     at maybeClose (internal/child_process.js:885:16)
14 verbose stack     at Process.ChildProcess._handle.onexit (internal/child_process.js:226:5)
15 verbose pkgid pet-zone@1.0.0
16 verbose cwd L:\petzone\more_pham\client
17 error Windows_NT 6.3.9600
18 error argv "C:\\Program Files\\nodejs\\node.exe" "C:\\Program Files\\nodejs\\node_modules\\npm\\bin\\npm-cli.js" "run" "webpack"
19 error node v7.2.0
20 error npm  v3.10.9
21 error code ELIFECYCLE
22 error pet-zone@1.0.0 webpack: `webpack main.jsx --watch`
22 error Exit status 3221225786
23 error Failed at the pet-zone@1.0.0 webpack script 'webpack main.jsx --watch'.
23 error Make sure you have the latest version of node.js and npm installed.
23 error If you do, this is most likely a problem with the pet-zone package,
23 error not with npm itself.
23 error Tell the author that this fails on your system:
23 error     webpack main.jsx --watch
23 error You can get information on how to open an issue for this project with:
23 error     npm bugs pet-zone
23 error Or if that isn't available, you can get their info via:
23 error     npm owner ls pet-zone
23 error There is likely additional logging output above.
24 verbose exit [ 1, true ]
