0 info it worked if it ends with ok
1 verbose cli [ 'C:\\Program Files\\nodejs\\node.exe',
1 verbose cli   'C:\\Program Files\\nodejs\\node_modules\\npm\\bin\\npm-cli.js',
1 verbose cli   'run',
1 verbose cli   'start-server' ]
2 info using npm@3.10.9
3 info using node@v7.2.0
4 verbose run-script [ 'prestart-server', 'start-server', 'poststart-server' ]
5 info lifecycle petzone@1.0.0~prestart-server: petzone@1.0.0
6 silly lifecycle petzone@1.0.0~prestart-server: no script for prestart-server, continuing
7 info lifecycle petzone@1.0.0~start-server: petzone@1.0.0
8 verbose lifecycle petzone@1.0.0~start-server: unsafe-perm in lifecycle true
9 verbose lifecycle petzone@1.0.0~start-server: PATH: C:\Program Files\nodejs\node_modules\npm\bin\node-gyp-bin;L:\petzone\more_pham\node_modules\.bin;C:\Python27\;C:\Python27\Scripts;C:\ProgramData\Oracle\Java\javapath;C:\Windows\system32;C:\Windows;C:\Windows\System32\Wbem;C:\Windows\System32\WindowsPowerShell\v1.0\;C:\Program Files (x86)\ATI Technologies\ATI.ACE\Core-Static;D:\Program Files\Java\jdk1.7.0_75\bin;D:\E\CODING\ANDROID\SDK\platform-tools;C:\Program Files (x86)\GtkSharp\2.12\bin;C:\OpenSSL-Win64\bin;C:\Program Files\Microsoft SQL Server\110\Tools\Binn\;C:\Program Files (x86)\Bitvise SSH Client;C:\ProgramData\chocolatey\bin;C:\Program Files\nodejs\;C:\Users\dangkhoaicao\.dnx\bin;C:\Program Files\Microsoft DNX\Dnvm\;C:\Program Files\Microsoft SQL Server\120\Tools\Binn\;C:\Program Files\Microsoft SQL Server\130\Tools\Binn\;C:\Program Files (x86)\Skype\Phone\;C:\Program Files (x86)\OpenSSH\bin;C:\Program Files\Git\cmd;C:\Users\dangkhoaicao\AppData\Roaming\npm;D:\Program Files (x86)\Microsoft VS Code\bin;C:\Program Files\Heroku\bin
10 verbose lifecycle petzone@1.0.0~start-server: CWD: L:\petzone\more_pham
11 silly lifecycle petzone@1.0.0~start-server: Args: [ '/d /s /c', 'nodemon server.js --watch' ]
12 silly lifecycle petzone@1.0.0~start-server: Returned: code: 1  signal: null
13 info lifecycle petzone@1.0.0~start-server: Failed to exec start-server script
14 verbose stack Error: petzone@1.0.0 start-server: `nodemon server.js --watch`
14 verbose stack Exit status 1
14 verbose stack     at EventEmitter.<anonymous> (C:\Program Files\nodejs\node_modules\npm\lib\utils\lifecycle.js:255:16)
14 verbose stack     at emitTwo (events.js:106:13)
14 verbose stack     at EventEmitter.emit (events.js:191:7)
14 verbose stack     at ChildProcess.<anonymous> (C:\Program Files\nodejs\node_modules\npm\lib\utils\spawn.js:40:14)
14 verbose stack     at emitTwo (events.js:106:13)
14 verbose stack     at ChildProcess.emit (events.js:191:7)
14 verbose stack     at maybeClose (internal/child_process.js:885:16)
14 verbose stack     at Process.ChildProcess._handle.onexit (internal/child_process.js:226:5)
15 verbose pkgid petzone@1.0.0
16 verbose cwd L:\petzone\more_pham
17 error Windows_NT 6.3.9600
18 error argv "C:\\Program Files\\nodejs\\node.exe" "C:\\Program Files\\nodejs\\node_modules\\npm\\bin\\npm-cli.js" "run" "start-server"
19 error node v7.2.0
20 error npm  v3.10.9
21 error code ELIFECYCLE
22 error petzone@1.0.0 start-server: `nodemon server.js --watch`
22 error Exit status 1
23 error Failed at the petzone@1.0.0 start-server script 'nodemon server.js --watch'.
23 error Make sure you have the latest version of node.js and npm installed.
23 error If you do, this is most likely a problem with the petzone package,
23 error not with npm itself.
23 error Tell the author that this fails on your system:
23 error     nodemon server.js --watch
23 error You can get information on how to open an issue for this project with:
23 error     npm bugs petzone
23 error Or if that isn't available, you can get their info via:
23 error     npm owner ls petzone
23 error There is likely additional logging output above.
24 verbose exit [ 1, true ]
